Removing conda version miniforge3-24.7.1
No conda package cache directories found outside your home directory. To
prevent conda from filling up your home directory, you can create a new
directory at `/work/pi_<your_pi_name>/$USER/.conda/pkgs` and reload the module. 
No conda environment directories found outside your home directory. To prevent
conda from filling up your home directory, you can create a new directory at
`/work/pi_<your_pi_name>/$USER/.conda/envs` and reload the module. 
Loading conda version miniforge3-24.7.1
Removing cuda version 12.6
Loading cuda version 12.6
Loading cudnn version 8.9.7.29-12
`torch_dtype` is deprecated! Use `dtype` instead!
Loading checkpoint shards:   0%|          | 0/4 [00:00<?, ?it/s]Loading checkpoint shards:  25%|██▌       | 1/4 [00:15<00:46, 15.47s/it]Loading checkpoint shards:  50%|█████     | 2/4 [00:24<00:23, 11.93s/it]Loading checkpoint shards:  75%|███████▌  | 3/4 [00:34<00:10, 10.73s/it]Loading checkpoint shards: 100%|██████████| 4/4 [00:34<00:00,  6.71s/it]Loading checkpoint shards: 100%|██████████| 4/4 [00:34<00:00,  8.69s/it]
Training:   0%|          | 0/4936 [00:00<?, ?it/s]Training:   0%|          | 0/4936 [00:00<?, ?it/s]
Traceback (most recent call last):
  File "/home/vqchen_umass_edu/.conda/envs/LLMKT/lib/python3.10/runpy.py", line 196, in _run_module_as_main
    return _run_code(code, main_globals, None,
  File "/home/vqchen_umass_edu/.conda/envs/LLMKT/lib/python3.10/runpy.py", line 86, in _run_code
    exec(code, run_globals)
  File "/home/vqchen_umass_edu/dialogue-kt/dialogue_kt/main.py", line 71, in <module>
    main()
  File "/home/vqchen_umass_edu/dialogue-kt/dialogue_kt/main.py", line 68, in main
    args.func(args)
  File "/home/vqchen_umass_edu/dialogue-kt/dialogue_kt/training.py", line 127, in train
    return crossval(args, fn)
  File "/home/vqchen_umass_edu/dialogue-kt/dialogue_kt/training.py", line 92, in crossval
    metrics = fn(args, fold)
  File "/home/vqchen_umass_edu/dialogue-kt/dialogue_kt/training.py", line 261, in train_lmkt
    for batch_idx, batch in enumerate(tqdm(train_dataloader, desc="Training")):
  File "/home/vqchen_umass_edu/.conda/envs/LLMKT/lib/python3.10/site-packages/tqdm/std.py", line 1181, in __iter__
    for obj in iterable:
  File "/home/vqchen_umass_edu/.conda/envs/LLMKT/lib/python3.10/site-packages/torch/utils/data/dataloader.py", line 732, in __next__
    data = self._next_data()
  File "/home/vqchen_umass_edu/.conda/envs/LLMKT/lib/python3.10/site-packages/torch/utils/data/dataloader.py", line 788, in _next_data
    data = self._dataset_fetcher.fetch(index)  # may raise StopIteration
  File "/home/vqchen_umass_edu/.conda/envs/LLMKT/lib/python3.10/site-packages/torch/utils/data/_utils/fetch.py", line 55, in fetch
    return self.collate_fn(data)
  File "/home/vqchen_umass_edu/dialogue-kt/dialogue_kt/kt_data_loading.py", line 150, in __call__
    input_ids = to_device(prompts_tokenized.input_ids, device, self.args)
  File "/home/vqchen_umass_edu/dialogue-kt/dialogue_kt/utils.py", line 26, in to_device
    return data.copy()
AttributeError: 'Tensor' object has no attribute 'copy'. Did you mean: 'copy_'?
